Using pre-set license

 COMMAND LINE ARGUMENTS:
/Applications/Unity/Hub/Editor/2020.3.11f1/Unity.app/Contents/MacOS/Unity
-adb2
-batchMode
-noUpm
-name
AssetImportWorker0
-projectPath
/Users/mac/Desktop/UnityProjects/FoodWaste
-logFile
Logs/AssetImportWorker0.log
-srvPort
64836
Successfully changed project path to: /Users/mac/Desktop/UnityProjects/FoodWaste
/Users/mac/Desktop/UnityProjects/FoodWaste
Using Asset Import Pipeline V2.
Refreshing native plugins compatible for Editor in 76.77 ms, found 4 plugins.
Preloading 0 native plugins for Editor in 0.00 ms.
Initialize engine version: 2020.3.11f1 (99c7afb366b3)
[Subsystems] Discovering subsystems at path /Applications/Unity/Hub/Editor/2020.3.11f1/Unity.app/Contents/Resources/UnitySubsystems
[Subsystems] Discovering subsystems at path /Users/mac/Desktop/UnityProjects/FoodWaste/Assets
GfxDevice: creating device client; threaded=0
2021-11-19 17:57:38.596 Unity[34451:2769628] Color LCD preferred device: AMD Radeon Pro 560 (high power)
2021-11-19 17:57:38.596 Unity[34451:2769628] Metal devices available: 2
2021-11-19 17:57:38.596 Unity[34451:2769628] 0: AMD Radeon Pro 560 (high power)
2021-11-19 17:57:38.596 Unity[34451:2769628] 1: Intel(R) HD Graphics 630 (low power)
2021-11-19 17:57:38.596 Unity[34451:2769628] Using device AMD Radeon Pro 560 (high power)
Initializing Metal device caps: AMD Radeon Pro 560
Initialize mono
Mono path[0] = '/Applications/Unity/Hub/Editor/2020.3.11f1/Unity.app/Contents/Managed'
Mono path[1] = '/Applications/Unity/Hub/Editor/2020.3.11f1/Unity.app/Contents/MonoBleedingEdge/lib/mono/unityjit'
Mono config path = '/Applications/Unity/Hub/Editor/2020.3.11f1/Unity.app/Contents/MonoBleedingEdge/etc'
Using monoOptions --debugger-agent=transport=dt_socket,embedding=1,server=y,suspend=n,address=127.0.0.1:56451
Begin MonoManager ReloadAssembly
Registering precompiled unity dll's ...
Register platform support module: /Applications/Unity/Hub/Editor/2020.3.11f1/Unity.app/Contents/PlaybackEngines/MacStandaloneSupport/UnityEditor.OSXStandalone.Extensions.dll
Registered in 0.001507 seconds.
Native extension for OSXStandalone target not found
Refreshing native plugins compatible for Editor in 43.96 ms, found 4 plugins.
Preloading 0 native plugins for Editor in 0.00 ms.
Mono: successfully reloaded assembly
- Completed reload, in  2.028 seconds
Platform modules already initialized, skipping
Registering precompiled user dll's ...
Registered in 0.006005 seconds.
Begin MonoManager ReloadAssembly
Native extension for OSXStandalone target not found
Refreshing native plugins compatible for Editor in 0.85 ms, found 4 plugins.
Preloading 0 native plugins for Editor in 0.00 ms.
Mono: successfully reloaded assembly
- Completed reload, in  1.368 seconds
Platform modules already initialized, skipping
========================================================================
Worker process is ready to serve import requests
Launching external process: /Applications/Unity/Hub/Editor/2020.3.11f1/Unity.app/Contents/Tools/UnityShaderCompiler
Launched and connected shader compiler UnityShaderCompiler after 0.01 seconds
Refreshing native plugins compatible for Editor in 0.79 ms, found 4 plugins.
Preloading 0 native plugins for Editor in 0.00 ms.
Unloading 1779 Unused Serialized files (Serialized files now loaded: 0)
System memory in use before: 155.4 MB.
System memory in use after: 155.5 MB.

Unloading 70 unused Assets to reduce memory usage. Loaded Objects now: 2164.
Total: 2.431019 ms (FindLiveObjects: 0.218037 ms CreateObjectMapping: 0.070642 ms MarkObjects: 2.057262 ms  DeleteObjects: 0.083958 ms)

========================================================================
Received Import Request.
  path: Assets/AVProLiveCamera/Demos/CameraExplorerDemo.unity
  artifactKey: Guid(73ac7f3f82bc7a046b28b1ff30066b81) Importer(815301076,1909f56bfc062723c751e8b465ee728b)
Start importing Assets/AVProLiveCamera/Demos/CameraExplorerDemo.unity using Guid(73ac7f3f82bc7a046b28b1ff30066b81) Importer(815301076,1909f56bfc062723c751e8b465ee728b)  -> (artifact id: 'af558de93cc92cebd2287e1595c5b814') in 0.011232 seconds
  Import took 0.015485 seconds .

========================================================================
Received Import Request.
  Time since last request: 0.000216 seconds.
  path: Assets/AVProLiveCamera/Demos/CameraGrabDemo.unity
  artifactKey: Guid(4ad90cf118427b141a4517986b716f0d) Importer(815301076,1909f56bfc062723c751e8b465ee728b)
Start importing Assets/AVProLiveCamera/Demos/CameraGrabDemo.unity using Guid(4ad90cf118427b141a4517986b716f0d) Importer(815301076,1909f56bfc062723c751e8b465ee728b)  -> (artifact id: 'b877a959047b6861a93b3e90ca4df2f6') in 0.001109 seconds
  Import took 0.003665 seconds .

========================================================================
Received Import Request.
  Time since last request: 0.000229 seconds.
  path: Assets/AVProLiveCamera/Demos/BackgroundDemo.unity
  artifactKey: Guid(8959a3c97de238b429512756c923ad53) Importer(815301076,1909f56bfc062723c751e8b465ee728b)
Start importing Assets/AVProLiveCamera/Demos/BackgroundDemo.unity using Guid(8959a3c97de238b429512756c923ad53) Importer(815301076,1909f56bfc062723c751e8b465ee728b)  -> (artifact id: 'f0e53b7062ebfbef24cf0d7c22e5e974') in 0.001751 seconds
  Import took 0.005456 seconds .

========================================================================
Received Import Request.
  Time since last request: 0.000201 seconds.
  path: Assets/AVProLiveCamera
  artifactKey: Guid(236351d716bcbf24aae1016b3cbebe81) Importer(815301076,1909f56bfc062723c751e8b465ee728b)
Start importing Assets/AVProLiveCamera using Guid(236351d716bcbf24aae1016b3cbebe81) Importer(815301076,1909f56bfc062723c751e8b465ee728b)  -> (artifact id: 'e1e8debac38b1a06e5ed1e30751b3295') in 0.001757 seconds
  Import took 0.005307 seconds .

========================================================================
Received Import Request.
  Time since last request: 0.000266 seconds.
  path: Assets/AVProLiveCamera/Demos
  artifactKey: Guid(14bbad8fb9df5b640878a1899629e4d8) Importer(815301076,1909f56bfc062723c751e8b465ee728b)
Start importing Assets/AVProLiveCamera/Demos using Guid(14bbad8fb9df5b640878a1899629e4d8) Importer(815301076,1909f56bfc062723c751e8b465ee728b)  -> (artifact id: 'fd8b41c2afeb8fbae8cc17dc11684dba') in 0.002109 seconds
  Import took 0.007349 seconds .

========================================================================
Received Import Request.
  Time since last request: 0.178524 seconds.
  path: Assets/AVProLiveCamera/Demos/DefaultCameraDemo.unity
  artifactKey: Guid(72eafba68ee153c468671ca31619a900) Importer(815301076,1909f56bfc062723c751e8b465ee728b)
Start importing Assets/AVProLiveCamera/Demos/DefaultCameraDemo.unity using Guid(72eafba68ee153c468671ca31619a900) Importer(815301076,1909f56bfc062723c751e8b465ee728b)  -> (artifact id: '5b60e50738b7afdbf27bca9540eb553e') in 0.001752 seconds
  Import took 0.005284 seconds .

========================================================================
Received Import Request.
  Time since last request: 3.231516 seconds.
  path: Assets/AVProLiveCamera/Demos/GUIDemo.unity
  artifactKey: Guid(53ab13897a3dfd44ea5420ed9e0956c0) Importer(815301076,1909f56bfc062723c751e8b465ee728b)
Start importing Assets/AVProLiveCamera/Demos/GUIDemo.unity using Guid(53ab13897a3dfd44ea5420ed9e0956c0) Importer(815301076,1909f56bfc062723c751e8b465ee728b)  -> (artifact id: 'c97fd090fa4a8937ca75032f0ed9a60d') in 0.003372 seconds
  Import took 0.006936 seconds .

========================================================================
Received Import Request.
  Time since last request: 0.000426 seconds.
  path: Assets/AVProLiveCamera/Demos/GUIDemo.unity
  artifactKey: Guid(53ab13897a3dfd44ea5420ed9e0956c0) Importer(815301076,1909f56bfc062723c751e8b465ee728b)
Start importing Assets/AVProLiveCamera/Demos/GUIDemo.unity using Guid(53ab13897a3dfd44ea5420ed9e0956c0) Importer(815301076,1909f56bfc062723c751e8b465ee728b)  -> (artifact id: 'c97fd090fa4a8937ca75032f0ed9a60d') in 0.001577 seconds
  Import took 0.005005 seconds .

========================================================================
Received Import Request.
  Time since last request: 1.111551 seconds.
  path: Assets/AVProLiveCamera/Demos/MaterialMappingDemo.unity
  artifactKey: Guid(cb94fe34c6daf5648b6897d447486722) Importer(815301076,1909f56bfc062723c751e8b465ee728b)
Start importing Assets/AVProLiveCamera/Demos/MaterialMappingDemo.unity using Guid(cb94fe34c6daf5648b6897d447486722) Importer(815301076,1909f56bfc062723c751e8b465ee728b)  -> (artifact id: 'e7a2ea4184591fe8ff6e0179907b8615') in 0.001392 seconds
  Import took 0.005515 seconds .

========================================================================
Received Import Request.
  Time since last request: 0.001074 seconds.
  path: Assets/AVProLiveCamera/Demos/MaterialMappingDemo.unity
  artifactKey: Guid(cb94fe34c6daf5648b6897d447486722) Importer(815301076,1909f56bfc062723c751e8b465ee728b)
Start importing Assets/AVProLiveCamera/Demos/MaterialMappingDemo.unity using Guid(cb94fe34c6daf5648b6897d447486722) Importer(815301076,1909f56bfc062723c751e8b465ee728b)  -> (artifact id: 'e7a2ea4184591fe8ff6e0179907b8615') in 0.001628 seconds
  Import took 0.005073 seconds .

========================================================================
Received Prepare
Registering precompiled user dll's ...
Registered in 0.009036 seconds.
Begin MonoManager ReloadAssembly
Native extension for OSXStandalone target not found
Refreshing native plugins compatible for Editor in 0.78 ms, found 4 plugins.
Preloading 0 native plugins for Editor in 0.00 ms.
Mono: successfully reloaded assembly
- Completed reload, in  1.166 seconds
Platform modules already initialized, skipping
Switching build target platform(2) subTarget(0) extendedPlatform(0) -> platform(13) subTarget(589824) extendedPlatform(0)
Refreshing native plugins compatible for Editor in 1.00 ms, found 4 plugins.
Preloading 0 native plugins for Editor in 0.00 ms.
Unloading 1744 Unused Serialized files (Serialized files now loaded: 0)
System memory in use before: 150.0 MB.
System memory in use after: 150.1 MB.

Unloading 65 unused Assets to reduce memory usage. Loaded Objects now: 2166.
Total: 1.989093 ms (FindLiveObjects: 0.186087 ms CreateObjectMapping: 0.064954 ms MarkObjects: 1.713521 ms  DeleteObjects: 0.023819 ms)

AssetImportParameters requested are different than current active one (requested -> active):
  custom:graphics/normal-map-encoding: 01000000000000000000000000000000 -> 02000000000000000000000000000000
========================================================================
Received Import Request.
  Time since last request: 134.539865 seconds.
  path: Assets/AVProLiveCamera/Demos/GUI
  artifactKey: Guid(3b6604afd73dc004ca8fdf810f5b7d8f) Importer(815301076,1909f56bfc062723c751e8b465ee728b)
Start importing Assets/AVProLiveCamera/Demos/GUI using Guid(3b6604afd73dc004ca8fdf810f5b7d8f) Importer(815301076,1909f56bfc062723c751e8b465ee728b)  -> (artifact id: 'd002928489914e79ea3d4c5bc66523c8') in 0.010564 seconds
  Import took 0.014328 seconds .

========================================================================
Received Import Request.
  Time since last request: 0.003429 seconds.
  path: Assets/AVProLiveCamera/Demos/GUI
  artifactKey: Guid(3b6604afd73dc004ca8fdf810f5b7d8f) Importer(815301076,1909f56bfc062723c751e8b465ee728b)
Start importing Assets/AVProLiveCamera/Demos/GUI using Guid(3b6604afd73dc004ca8fdf810f5b7d8f) Importer(815301076,1909f56bfc062723c751e8b465ee728b)  -> (artifact id: 'd002928489914e79ea3d4c5bc66523c8') in 0.001224 seconds
  Import took 0.005169 seconds .

========================================================================
Received Import Request.
  Time since last request: 0.030280 seconds.
  path: Assets/AVProLiveCamera/Demos/GUI/black.png
  artifactKey: Guid(41dc463a61e06694b85593cb70e17848) Importer(815301076,1909f56bfc062723c751e8b465ee728b)
Start importing Assets/AVProLiveCamera/Demos/GUI/black.png using Guid(41dc463a61e06694b85593cb70e17848) Importer(815301076,1909f56bfc062723c751e8b465ee728b)  -> (artifact id: '3b9aac3fd52f0fa569895e5f8941deb7') in 1.330155 seconds
  Import took 1.334122 seconds .

========================================================================
Received Import Request.
  Time since last request: 0.000188 seconds.
  path: Assets/AVProLiveCamera/Demos/GUI/gray.png
  artifactKey: Guid(89756d2e84d7799499b64043123ddf38) Importer(815301076,1909f56bfc062723c751e8b465ee728b)
Start importing Assets/AVProLiveCamera/Demos/GUI/gray.png using Guid(89756d2e84d7799499b64043123ddf38) Importer(815301076,1909f56bfc062723c751e8b465ee728b)  -> (artifact id: 'f2cd012b0f1a3242ab1dc4625bb71d81') in 0.011044 seconds
  Import took 0.014126 seconds .

========================================================================
Received Import Request.
  Time since last request: 0.000230 seconds.
  path: Assets/AVProLiveCamera/Demos/GUI/gray80.png
  artifactKey: Guid(ccce2d09cdddb2d4da068267090c1548) Importer(815301076,1909f56bfc062723c751e8b465ee728b)
Start importing Assets/AVProLiveCamera/Demos/GUI/gray80.png using Guid(ccce2d09cdddb2d4da068267090c1548) Importer(815301076,1909f56bfc062723c751e8b465ee728b)  -> (artifact id: '3fc701ded8639b9504cd170e6cee7c49') in 0.017228 seconds
  Import took 0.022194 seconds .

========================================================================
Received Import Request.
  Time since last request: 0.000240 seconds.
  path: Assets/AVProLiveCamera/Demos/GUI/transpWhite.png
  artifactKey: Guid(e8b5fb4ca0fdd2c4eadc7cbe065543a4) Importer(815301076,1909f56bfc062723c751e8b465ee728b)
Start importing Assets/AVProLiveCamera/Demos/GUI/transpWhite.png using Guid(e8b5fb4ca0fdd2c4eadc7cbe065543a4) Importer(815301076,1909f56bfc062723c751e8b465ee728b)  -> (artifact id: '8a1eb7ddc8b1f3457720e4a388ea48b1') in 0.005892 seconds
  Import took 0.009399 seconds .

========================================================================
Received Import Request.
  Time since last request: 0.000162 seconds.
  path: Assets/AVProLiveCamera/Demos/GUI/transpBlack.png
  artifactKey: Guid(7fbbedb31432e4d408b2e3fbd0dbd862) Importer(815301076,1909f56bfc062723c751e8b465ee728b)
Start importing Assets/AVProLiveCamera/Demos/GUI/transpBlack.png using Guid(7fbbedb31432e4d408b2e3fbd0dbd862) Importer(815301076,1909f56bfc062723c751e8b465ee728b)  -> (artifact id: '478b2606a5fe17031dd5ad32f72303f9') in 0.009284 seconds
  Import took 0.012784 seconds .

========================================================================
Received Import Request.
  Time since last request: 0.000273 seconds.
  path: Assets/AVProLiveCamera/Demos/GUI/gray25.png
  artifactKey: Guid(5fa7bcd58e1876e41952c9349da60879) Importer(815301076,1909f56bfc062723c751e8b465ee728b)
Start importing Assets/AVProLiveCamera/Demos/GUI/gray25.png using Guid(5fa7bcd58e1876e41952c9349da60879) Importer(815301076,1909f56bfc062723c751e8b465ee728b)  -> (artifact id: 'e4f05ed2e0b4885f9695332392a01b5c') in 0.014820 seconds
  Import took 0.017679 seconds .

========================================================================
Received Import Request.
  Time since last request: 0.000169 seconds.
  path: Assets/AVProLiveCamera/Demos/GUI/ConfigSkin.guiskin
  artifactKey: Guid(eb821627fb1a0c044a6fd7a6dabe3147) Importer(815301076,1909f56bfc062723c751e8b465ee728b)
Start importing Assets/AVProLiveCamera/Demos/GUI/ConfigSkin.guiskin using Guid(eb821627fb1a0c044a6fd7a6dabe3147) Importer(815301076,1909f56bfc062723c751e8b465ee728b)  -> (artifact id: '7da8604df1d9f3f62ac452424456bec3') in 1.416991 seconds
  Import took 1.420048 seconds .

========================================================================
Received Import Request.
  Time since last request: 0.000249 seconds.
  path: Assets/AVProLiveCamera/Demos/GUI/spectrum.png
  artifactKey: Guid(be0cffc23968d704980274205bc44645) Importer(815301076,1909f56bfc062723c751e8b465ee728b)
Start importing Assets/AVProLiveCamera/Demos/GUI/spectrum.png using Guid(be0cffc23968d704980274205bc44645) Importer(815301076,1909f56bfc062723c751e8b465ee728b)  -> (artifact id: 'a2a3a3816c0ade419f0c8ee3891ec1d3') in 0.011789 seconds
  Import took 0.016272 seconds .

========================================================================
Received Import Request.
  Time since last request: 0.000360 seconds.
  path: Assets/AVProLiveCamera/Demos/GUI/gray50.png
  artifactKey: Guid(b6b9f1741e3bb6241aab55422ae1f133) Importer(815301076,1909f56bfc062723c751e8b465ee728b)
Start importing Assets/AVProLiveCamera/Demos/GUI/gray50.png using Guid(b6b9f1741e3bb6241aab55422ae1f133) Importer(815301076,1909f56bfc062723c751e8b465ee728b)  -> (artifact id: 'fe4a887d4b99382f5f278eef875dfc90') in 0.025210 seconds
  Import took 0.029937 seconds .

========================================================================
Received Import Request.
  Time since last request: 0.000248 seconds.
  path: Assets/AVProLiveCamera/Demos/GUI/Inconsolata.otf
  artifactKey: Guid(1102003ee10456942bffb2b369d6a7b8) Importer(815301076,1909f56bfc062723c751e8b465ee728b)
Start importing Assets/AVProLiveCamera/Demos/GUI/Inconsolata.otf using Guid(1102003ee10456942bffb2b369d6a7b8) Importer(815301076,1909f56bfc062723c751e8b465ee728b)  -> (artifact id: 'dbd7b458b151cf1c9285044f55299684') in 2.318646 seconds
  Import took 2.322388 seconds .

========================================================================
Received Import Request.
  Time since last request: 1.264668 seconds.
  path: Assets/AVProLiveCamera/Editor
  artifactKey: Guid(cf69c5cb9dee2344181e287f64b91f28) Importer(815301076,1909f56bfc062723c751e8b465ee728b)
Start importing Assets/AVProLiveCamera/Editor using Guid(cf69c5cb9dee2344181e287f64b91f28) Importer(815301076,1909f56bfc062723c751e8b465ee728b)  -> (artifact id: '4851e7995c557d4f522ca49bd708116a') in 0.001167 seconds
  Import took 0.004933 seconds .

========================================================================
Received Import Request.
  Time since last request: 1.282715 seconds.
  path: Assets/AVProLiveCamera/Scripts
  artifactKey: Guid(20def7cb1be9cd443a46cdcfaed8f71f) Importer(815301076,1909f56bfc062723c751e8b465ee728b)
Start importing Assets/AVProLiveCamera/Scripts using Guid(20def7cb1be9cd443a46cdcfaed8f71f) Importer(815301076,1909f56bfc062723c751e8b465ee728b)  -> (artifact id: '1dc4b2db27950dcbce17808ebc0b56ba') in 0.006893 seconds
  Import took 0.011322 seconds .

========================================================================
Received Import Request.
  Time since last request: 2.644785 seconds.
  path: Assets/AVProLiveCamera/Resources
  artifactKey: Guid(35b53ce01ac6cab4daf5283235822b81) Importer(815301076,1909f56bfc062723c751e8b465ee728b)
Start importing Assets/AVProLiveCamera/Resources using Guid(35b53ce01ac6cab4daf5283235822b81) Importer(815301076,1909f56bfc062723c751e8b465ee728b)  -> (artifact id: '356f56606e4dbb0c48f3f7f2b7906cff') in 0.007819 seconds
  Import took 0.013014 seconds .

========================================================================
Received Import Request.
  Time since last request: 0.083859 seconds.
  path: Assets/AVProLiveCamera/Resources/AVProLiveCameraIcon.png
  artifactKey: Guid(69ab7b920ec13a9499cf847d04474e5c) Importer(815301076,1909f56bfc062723c751e8b465ee728b)
Start importing Assets/AVProLiveCamera/Resources/AVProLiveCameraIcon.png using Guid(69ab7b920ec13a9499cf847d04474e5c) Importer(815301076,1909f56bfc062723c751e8b465ee728b)  -> (artifact id: '95686bcbd49cc7dbd90713cfd41ef784') in 0.007366 seconds
  Import took 0.011016 seconds .

========================================================================
Received Import Request.
  Time since last request: 1.470405 seconds.
  path: Assets/AVProLiveCamera/Shaders
  artifactKey: Guid(d3aa682939d7529449d7a3ece6d1669f) Importer(815301076,1909f56bfc062723c751e8b465ee728b)
Start importing Assets/AVProLiveCamera/Shaders using Guid(d3aa682939d7529449d7a3ece6d1669f) Importer(815301076,1909f56bfc062723c751e8b465ee728b)  -> (artifact id: 'cfa91b6982ff11e4627e4b3e3f4be404') in 0.001693 seconds
  Import took 0.005651 seconds .

========================================================================
Received Import Request.
  Time since last request: 2.107130 seconds.
  path: Assets/AVProLiveCamera/Docs
  artifactKey: Guid(00b1f707248166f44af361952d4e0134) Importer(815301076,1909f56bfc062723c751e8b465ee728b)
Start importing Assets/AVProLiveCamera/Docs using Guid(00b1f707248166f44af361952d4e0134) Importer(815301076,1909f56bfc062723c751e8b465ee728b)  -> (artifact id: 'c6269d41743d3ef4cc580b4f49679840') in 0.001258 seconds
  Import took 0.004574 seconds .

========================================================================
Received Import Request.
  Time since last request: 8.584223 seconds.
  path: Assets/Plugins
  artifactKey: Guid(28ba1b2127090469d8502ddc1ca63ad6) Importer(815301076,1909f56bfc062723c751e8b465ee728b)
Start importing Assets/Plugins using Guid(28ba1b2127090469d8502ddc1ca63ad6) Importer(815301076,1909f56bfc062723c751e8b465ee728b)  -> (artifact id: '43448245dd1a840cee9a7322a96beb2c') in 0.001854 seconds
  Import took 0.006160 seconds .

========================================================================
Received Import Request.
  Time since last request: 0.000516 seconds.
  path: Assets/Plugins
  artifactKey: Guid(28ba1b2127090469d8502ddc1ca63ad6) Importer(815301076,1909f56bfc062723c751e8b465ee728b)
Start importing Assets/Plugins using Guid(28ba1b2127090469d8502ddc1ca63ad6) Importer(815301076,1909f56bfc062723c751e8b465ee728b)  -> (artifact id: '43448245dd1a840cee9a7322a96beb2c') in 0.001311 seconds
  Import took 0.005719 seconds .

========================================================================
Received Import Request.
  Time since last request: 1.833559 seconds.
  path: Assets/Plugins/AVProVideo.bundle
  artifactKey: Guid(38dd97d3a916f52408fb2a2ad1628525) Importer(815301076,1909f56bfc062723c751e8b465ee728b)
Start importing Assets/Plugins/AVProVideo.bundle using Guid(38dd97d3a916f52408fb2a2ad1628525) Importer(815301076,1909f56bfc062723c751e8b465ee728b)  -> (artifact id: '4a7eeb5e728038e3052f5f93c156cf58') in 0.749730 seconds
  Import took 0.753063 seconds .

========================================================================
Received Import Request.
  Time since last request: 8.189156 seconds.
  path: Assets/Plugins/iOS
  artifactKey: Guid(a4ae75a21b372424ea0b043540b05b25) Importer(815301076,1909f56bfc062723c751e8b465ee728b)
Start importing Assets/Plugins/iOS using Guid(a4ae75a21b372424ea0b043540b05b25) Importer(815301076,1909f56bfc062723c751e8b465ee728b)  -> (artifact id: '2dc68f7917193aaf6df77730d166aadf') in 0.007720 seconds
  Import took 0.012303 seconds .

========================================================================
Received Import Request.
  Time since last request: 5.962512 seconds.
  path: Assets/Plugins/AVProVideo.bundle/Contents
  artifactKey: Guid(226b1350bd97743e68c430da3b533bb9) Importer(815301076,1909f56bfc062723c751e8b465ee728b)
Start importing Assets/Plugins/AVProVideo.bundle/Contents using Guid(226b1350bd97743e68c430da3b533bb9) Importer(815301076,1909f56bfc062723c751e8b465ee728b)  -> (artifact id: '6748f94afff066566ca911dfa5f1ac64') in 0.002071 seconds
  Import took 0.006079 seconds .

========================================================================
Received Import Request.
  Time since last request: 1.248659 seconds.
  path: Assets/Plugins/AVProVideo.bundle/Contents/MacOS
  artifactKey: Guid(9a73c2d08d34a49868231f0d24d177b8) Importer(815301076,1909f56bfc062723c751e8b465ee728b)
Start importing Assets/Plugins/AVProVideo.bundle/Contents/MacOS using Guid(9a73c2d08d34a49868231f0d24d177b8) Importer(815301076,1909f56bfc062723c751e8b465ee728b)  -> (artifact id: 'ed297b676ac027d69d315729d5e94c1f') in 0.001881 seconds
  Import took 0.006228 seconds .

========================================================================
Received Import Request.
  Time since last request: 1.149683 seconds.
  path: Assets/Plugins/AVProVideo.bundle/Contents/MacOS/AVProVideo
  artifactKey: Guid(2009d460833da4a2baacf61e03fcbcef) Importer(815301076,1909f56bfc062723c751e8b465ee728b)
Start importing Assets/Plugins/AVProVideo.bundle/Contents/MacOS/AVProVideo using Guid(2009d460833da4a2baacf61e03fcbcef) Importer(815301076,1909f56bfc062723c751e8b465ee728b)  -> (artifact id: '8f38fc991ad3be940df58fb807690273') in 0.002210 seconds
  Import took 0.006572 seconds .

========================================================================
Received Prepare
Registering precompiled user dll's ...
Registered in 0.009856 seconds.
Begin MonoManager ReloadAssembly
Native extension for OSXStandalone target not found
Refreshing native plugins compatible for Editor in 0.77 ms, found 4 plugins.
Preloading 0 native plugins for Editor in 0.00 ms.
Mono: successfully reloaded assembly
- Completed reload, in  1.358 seconds
Platform modules already initialized, skipping
Switching build target platform(2) subTarget(0) extendedPlatform(0) -> platform(13) subTarget(589824) extendedPlatform(0)
Refreshing native plugins compatible for Editor in 0.82 ms, found 4 plugins.
Preloading 0 native plugins for Editor in 0.00 ms.
Unloading 1744 Unused Serialized files (Serialized files now loaded: 0)
System memory in use before: 171.4 MB.
System memory in use after: 171.6 MB.

Unloading 65 unused Assets to reduce memory usage. Loaded Objects now: 2216.
Total: 2.043277 ms (FindLiveObjects: 0.192923 ms CreateObjectMapping: 0.063610 ms MarkObjects: 1.761221 ms  DeleteObjects: 0.024694 ms)

AssetImportParameters requested are different than current active one (requested -> active):
  custom:graphics/normal-map-encoding: 01000000000000000000000000000000 -> 02000000000000000000000000000000
========================================================================
Received Import Request.
  Time since last request: 2044.171897 seconds.
  path: Assets/_Scripts/CameraManager.cs
  artifactKey: Guid(4e29919d565bb4e069d55516b9afc46c) Importer(815301076,1909f56bfc062723c751e8b465ee728b)
Start importing Assets/_Scripts/CameraManager.cs using Guid(4e29919d565bb4e069d55516b9afc46c) Importer(815301076,1909f56bfc062723c751e8b465ee728b)  -> (artifact id: '7f58d560700ed649591228b166e3307f') in 3.960039 seconds
  Import took 3.963417 seconds .

========================================================================
Received Prepare
Registering precompiled user dll's ...
Registered in 0.008364 seconds.
Begin MonoManager ReloadAssembly
Native extension for OSXStandalone target not found
Refreshing native plugins compatible for Editor in 0.80 ms, found 4 plugins.
Preloading 0 native plugins for Editor in 0.00 ms.
Mono: successfully reloaded assembly
- Completed reload, in  1.268 seconds
Platform modules already initialized, skipping
Switching build target platform(2) subTarget(0) extendedPlatform(0) -> platform(13) subTarget(589824) extendedPlatform(0)
Refreshing native plugins compatible for Editor in 0.86 ms, found 4 plugins.
Preloading 0 native plugins for Editor in 0.00 ms.
Unloading 1745 Unused Serialized files (Serialized files now loaded: 0)
System memory in use before: 176.0 MB.
System memory in use after: 176.1 MB.

Unloading 65 unused Assets to reduce memory usage. Loaded Objects now: 2219.
Total: 2.041702 ms (FindLiveObjects: 0.214685 ms CreateObjectMapping: 0.071138 ms MarkObjects: 1.734372 ms  DeleteObjects: 0.020755 ms)

AssetImportParameters requested are different than current active one (requested -> active):
  custom:graphics/normal-map-encoding: 01000000000000000000000000000000 -> 02000000000000000000000000000000
========================================================================
Received Prepare
Registering precompiled user dll's ...
Registered in 0.008151 seconds.
Begin MonoManager ReloadAssembly
Native extension for OSXStandalone target not found
Refreshing native plugins compatible for Editor in 0.78 ms, found 4 plugins.
Preloading 0 native plugins for Editor in 0.00 ms.
Mono: successfully reloaded assembly
- Completed reload, in  1.256 seconds
Platform modules already initialized, skipping
Switching build target platform(2) subTarget(0) extendedPlatform(0) -> platform(13) subTarget(589824) extendedPlatform(0)
Refreshing native plugins compatible for Editor in 0.81 ms, found 4 plugins.
Preloading 0 native plugins for Editor in 0.00 ms.
Unloading 1745 Unused Serialized files (Serialized files now loaded: 0)
System memory in use before: 176.2 MB.
System memory in use after: 176.3 MB.

Unloading 65 unused Assets to reduce memory usage. Loaded Objects now: 2221.
Total: 2.051539 ms (FindLiveObjects: 0.261707 ms CreateObjectMapping: 0.091271 ms MarkObjects: 1.674514 ms  DeleteObjects: 0.023296 ms)

AssetImportParameters requested are different than current active one (requested -> active):
  custom:graphics/normal-map-encoding: 01000000000000000000000000000000 -> 02000000000000000000000000000000
========================================================================
Received Prepare
Registering precompiled user dll's ...
Registered in 0.003848 seconds.
Begin MonoManager ReloadAssembly
Native extension for OSXStandalone target not found
Refreshing native plugins compatible for Editor in 0.75 ms, found 4 plugins.
Preloading 0 native plugins for Editor in 0.00 ms.
Mono: successfully reloaded assembly
- Completed reload, in  1.247 seconds
Platform modules already initialized, skipping
Switching build target platform(2) subTarget(0) extendedPlatform(0) -> platform(13) subTarget(589824) extendedPlatform(0)
Refreshing native plugins compatible for Editor in 0.77 ms, found 4 plugins.
Preloading 0 native plugins for Editor in 0.00 ms.
Unloading 1745 Unused Serialized files (Serialized files now loaded: 0)
System memory in use before: 176.4 MB.
System memory in use after: 176.5 MB.

Unloading 65 unused Assets to reduce memory usage. Loaded Objects now: 2223.
Total: 2.044379 ms (FindLiveObjects: 0.210905 ms CreateObjectMapping: 0.056482 ms MarkObjects: 1.754220 ms  DeleteObjects: 0.021979 ms)

AssetImportParameters requested are different than current active one (requested -> active):
  custom:graphics/normal-map-encoding: 01000000000000000000000000000000 -> 02000000000000000000000000000000
========================================================================
Received Prepare
Refreshing native plugins compatible for Editor in 38.41 ms, found 4 plugins.
Preloading 0 native plugins for Editor in 0.00 ms.
Unloading 63 Unused Serialized files (Serialized files now loaded: 0)
System memory in use before: 145.9 MB.
System memory in use after: 146.0 MB.

Unloading 63 unused Assets to reduce memory usage. Loaded Objects now: 2223.
Total: 2.387039 ms (FindLiveObjects: 0.267008 ms CreateObjectMapping: 0.066577 ms MarkObjects: 2.012978 ms  DeleteObjects: 0.039571 ms)

========================================================================
Received Import Request.
  Time since last request: 1128.739074 seconds.
  path: Assets/Scenes/2_SendingScene.unity
  artifactKey: Guid(bd416ae0a78171a47aeb7b4d7a7e1c25) Importer(815301076,1909f56bfc062723c751e8b465ee728b)
Start importing Assets/Scenes/2_SendingScene.unity using Guid(bd416ae0a78171a47aeb7b4d7a7e1c25) Importer(815301076,1909f56bfc062723c751e8b465ee728b)  -> (artifact id: 'b74c5597df2b531c032a30d5bce59d85') in 0.025548 seconds
  Import took 0.031734 seconds .

========================================================================
Received Prepare
Registering precompiled user dll's ...
Registered in 0.012424 seconds.
Begin MonoManager ReloadAssembly
Native extension for OSXStandalone target not found
Refreshing native plugins compatible for Editor in 1.10 ms, found 4 plugins.
Preloading 0 native plugins for Editor in 0.00 ms.
Mono: successfully reloaded assembly
- Completed reload, in  1.529 seconds
Platform modules already initialized, skipping
Switching build target platform(2) subTarget(0) extendedPlatform(0) -> platform(13) subTarget(589824) extendedPlatform(0)
Refreshing native plugins compatible for Editor in 0.84 ms, found 4 plugins.
Preloading 0 native plugins for Editor in 0.00 ms.
Unloading 1745 Unused Serialized files (Serialized files now loaded: 0)
System memory in use before: 176.8 MB.
System memory in use after: 176.9 MB.

Unloading 65 unused Assets to reduce memory usage. Loaded Objects now: 2225.
Total: 2.147510 ms (FindLiveObjects: 0.216530 ms CreateObjectMapping: 0.066740 ms MarkObjects: 1.831563 ms  DeleteObjects: 0.031889 ms)

AssetImportParameters requested are different than current active one (requested -> active):
  custom:graphics/normal-map-encoding: 01000000000000000000000000000000 -> 02000000000000000000000000000000
========================================================================
Received Prepare
Registering precompiled user dll's ...
Registered in 0.007557 seconds.
Begin MonoManager ReloadAssembly
Native extension for OSXStandalone target not found
Refreshing native plugins compatible for Editor in 0.77 ms, found 4 plugins.
Preloading 0 native plugins for Editor in 0.00 ms.
Mono: successfully reloaded assembly
- Completed reload, in  1.275 seconds
Platform modules already initialized, skipping
Switching build target platform(2) subTarget(0) extendedPlatform(0) -> platform(13) subTarget(589824) extendedPlatform(0)
Refreshing native plugins compatible for Editor in 0.77 ms, found 4 plugins.
Preloading 0 native plugins for Editor in 0.00 ms.
Unloading 1745 Unused Serialized files (Serialized files now loaded: 0)
System memory in use before: 177.0 MB.
System memory in use after: 177.1 MB.

Unloading 65 unused Assets to reduce memory usage. Loaded Objects now: 2227.
Total: 2.003414 ms (FindLiveObjects: 0.197637 ms CreateObjectMapping: 0.057701 ms MarkObjects: 1.723546 ms  DeleteObjects: 0.023774 ms)

AssetImportParameters requested are different than current active one (requested -> active):
  custom:graphics/normal-map-encoding: 01000000000000000000000000000000 -> 02000000000000000000000000000000
========================================================================
Received Prepare
Registering precompiled user dll's ...
Registered in 0.002664 seconds.
Begin MonoManager ReloadAssembly
Native extension for OSXStandalone target not found
Refreshing native plugins compatible for Editor in 0.80 ms, found 4 plugins.
Preloading 0 native plugins for Editor in 0.00 ms.
Mono: successfully reloaded assembly
- Completed reload, in  1.459 seconds
Platform modules already initialized, skipping
Switching build target platform(2) subTarget(0) extendedPlatform(0) -> platform(13) subTarget(589824) extendedPlatform(0)
Refreshing native plugins compatible for Editor in 0.84 ms, found 4 plugins.
Preloading 0 native plugins for Editor in 0.00 ms.
Unloading 1745 Unused Serialized files (Serialized files now loaded: 0)
System memory in use before: 177.2 MB.
System memory in use after: 177.3 MB.

Unloading 65 unused Assets to reduce memory usage. Loaded Objects now: 2229.
Total: 2.126992 ms (FindLiveObjects: 0.204193 ms CreateObjectMapping: 0.062807 ms MarkObjects: 1.833921 ms  DeleteObjects: 0.025087 ms)

AssetImportParameters requested are different than current active one (requested -> active):
  custom:graphics/normal-map-encoding: 01000000000000000000000000000000 -> 02000000000000000000000000000000
========================================================================
Received Prepare
Refreshing native plugins compatible for Editor in 10.03 ms, found 4 plugins.
Preloading 0 native plugins for Editor in 0.00 ms.
Unloading 63 Unused Serialized files (Serialized files now loaded: 0)
System memory in use before: 146.6 MB.
System memory in use after: 146.7 MB.

Unloading 63 unused Assets to reduce memory usage. Loaded Objects now: 2229.
Total: 2.124019 ms (FindLiveObjects: 0.201120 ms CreateObjectMapping: 0.072333 ms MarkObjects: 1.815760 ms  DeleteObjects: 0.034052 ms)

========================================================================
Received Prepare
Refreshing native plugins compatible for Editor in 23.64 ms, found 4 plugins.
Preloading 0 native plugins for Editor in 0.00 ms.
Unloading 63 Unused Serialized files (Serialized files now loaded: 0)
System memory in use before: 146.8 MB.
System memory in use after: 146.9 MB.

Unloading 63 unused Assets to reduce memory usage. Loaded Objects now: 2229.
Total: 2.942361 ms (FindLiveObjects: 0.210038 ms CreateObjectMapping: 0.064411 ms MarkObjects: 2.637109 ms  DeleteObjects: 0.030013 ms)

========================================================================
Received Prepare
Registering precompiled user dll's ...
Registered in 0.008005 seconds.
Begin MonoManager ReloadAssembly
Native extension for OSXStandalone target not found
Refreshing native plugins compatible for Editor in 0.81 ms, found 4 plugins.
Preloading 0 native plugins for Editor in 0.00 ms.
Mono: successfully reloaded assembly
- Completed reload, in  1.290 seconds
Platform modules already initialized, skipping
Switching build target platform(2) subTarget(0) extendedPlatform(0) -> platform(13) subTarget(589824) extendedPlatform(0)
Refreshing native plugins compatible for Editor in 0.76 ms, found 4 plugins.
Preloading 0 native plugins for Editor in 0.00 ms.
Unloading 1745 Unused Serialized files (Serialized files now loaded: 0)
System memory in use before: 177.8 MB.
System memory in use after: 177.9 MB.

Unloading 65 unused Assets to reduce memory usage. Loaded Objects now: 2231.
Total: 1.869948 ms (FindLiveObjects: 0.179554 ms CreateObjectMapping: 0.053038 ms MarkObjects: 1.615151 ms  DeleteObjects: 0.021442 ms)

AssetImportParameters requested are different than current active one (requested -> active):
  custom:graphics/normal-map-encoding: 01000000000000000000000000000000 -> 02000000000000000000000000000000
========================================================================
Received Prepare
Registering precompiled user dll's ...
Registered in 0.009393 seconds.
Begin MonoManager ReloadAssembly
Native extension for OSXStandalone target not found
Refreshing native plugins compatible for Editor in 0.79 ms, found 4 plugins.
Preloading 0 native plugins for Editor in 0.00 ms.
Mono: successfully reloaded assembly
- Completed reload, in  1.326 seconds
Platform modules already initialized, skipping
Switching build target platform(2) subTarget(0) extendedPlatform(0) -> platform(13) subTarget(589824) extendedPlatform(0)
Refreshing native plugins compatible for Editor in 0.79 ms, found 4 plugins.
Preloading 0 native plugins for Editor in 0.00 ms.
Unloading 1745 Unused Serialized files (Serialized files now loaded: 0)
System memory in use before: 177.9 MB.
System memory in use after: 178.1 MB.

Unloading 65 unused Assets to reduce memory usage. Loaded Objects now: 2233.
Total: 2.080107 ms (FindLiveObjects: 0.278943 ms CreateObjectMapping: 0.079539 ms MarkObjects: 1.691383 ms  DeleteObjects: 0.029354 ms)

AssetImportParameters requested are different than current active one (requested -> active):
  custom:graphics/normal-map-encoding: 01000000000000000000000000000000 -> 02000000000000000000000000000000
========================================================================
Received Prepare
Registering precompiled user dll's ...
Registered in 0.002943 seconds.
Begin MonoManager ReloadAssembly
Native extension for OSXStandalone target not found
Refreshing native plugins compatible for Editor in 1.33 ms, found 4 plugins.
Preloading 0 native plugins for Editor in 0.00 ms.
Mono: successfully reloaded assembly
- Completed reload, in  1.319 seconds
Platform modules already initialized, skipping
Switching build target platform(2) subTarget(0) extendedPlatform(0) -> platform(13) subTarget(589824) extendedPlatform(0)
Refreshing native plugins compatible for Editor in 0.80 ms, found 4 plugins.
Preloading 0 native plugins for Editor in 0.00 ms.
Unloading 1745 Unused Serialized files (Serialized files now loaded: 0)
System memory in use before: 178.2 MB.
System memory in use after: 178.3 MB.

Unloading 65 unused Assets to reduce memory usage. Loaded Objects now: 2235.
Total: 2.137071 ms (FindLiveObjects: 0.234353 ms CreateObjectMapping: 0.075040 ms MarkObjects: 1.802178 ms  DeleteObjects: 0.024425 ms)

AssetImportParameters requested are different than current active one (requested -> active):
  custom:graphics/normal-map-encoding: 01000000000000000000000000000000 -> 02000000000000000000000000000000
========================================================================
Received Import Request.
  Time since last request: 2067.417706 seconds.
  path: Assets/NatSuite/Examples/ReplayCam
  artifactKey: Guid(e6da04ecb4ee84e7cbc0668b182622ea) Importer(815301076,1909f56bfc062723c751e8b465ee728b)
Start importing Assets/NatSuite/Examples/ReplayCam using Guid(e6da04ecb4ee84e7cbc0668b182622ea) Importer(815301076,1909f56bfc062723c751e8b465ee728b)  -> (artifact id: 'c3ca472d3a4ad5eff54a23a4fcf5022b') in 0.008229 seconds
  Import took 0.014271 seconds .

========================================================================
Received Import Request.
  Time since last request: 0.010099 seconds.
  path: Assets/NatSuite/Examples/ReplayCam
  artifactKey: Guid(e6da04ecb4ee84e7cbc0668b182622ea) Importer(815301076,1909f56bfc062723c751e8b465ee728b)
Start importing Assets/NatSuite/Examples/ReplayCam using Guid(e6da04ecb4ee84e7cbc0668b182622ea) Importer(815301076,1909f56bfc062723c751e8b465ee728b)  -> (artifact id: 'c3ca472d3a4ad5eff54a23a4fcf5022b') in 0.001902 seconds
  Import took 0.007619 seconds .

========================================================================
Received Import Request.
  Time since last request: 171.542567 seconds.
  path: Assets/Scenes/2_SendingScene.unity
  artifactKey: Guid(bd416ae0a78171a47aeb7b4d7a7e1c25) Importer(815301076,1909f56bfc062723c751e8b465ee728b)
Start importing Assets/Scenes/2_SendingScene.unity using Guid(bd416ae0a78171a47aeb7b4d7a7e1c25) Importer(815301076,1909f56bfc062723c751e8b465ee728b)  -> (artifact id: '30144966283e023cfcaf45f4df764a29') in 0.011923 seconds
  Import took 0.016315 seconds .

========================================================================
Received Import Request.
  Time since last request: 153.361387 seconds.
  path: Assets/NatSuite
  artifactKey: Guid(3598bf63d2e824d41904a36691090d47) Importer(815301076,1909f56bfc062723c751e8b465ee728b)
Start importing Assets/NatSuite using Guid(3598bf63d2e824d41904a36691090d47) Importer(815301076,1909f56bfc062723c751e8b465ee728b)  -> (artifact id: 'bfbab861ca48e0559ce5c118a3fda88f') in 0.007553 seconds
  Import took 0.011617 seconds .

========================================================================
Received Import Request.
  Time since last request: 204.707227 seconds.
  path: Assets/NatSuite/Examples
  artifactKey: Guid(ff2ff156ec4f145f5b170044bf3757e6) Importer(815301076,1909f56bfc062723c751e8b465ee728b)
Start importing Assets/NatSuite/Examples using Guid(ff2ff156ec4f145f5b170044bf3757e6) Importer(815301076,1909f56bfc062723c751e8b465ee728b)  -> (artifact id: 'b59ac9ec57bc4ded9e4dd96d1c1c0ff3') in 0.002871 seconds
  Import took 0.006675 seconds .

========================================================================
Received Import Request.
  Time since last request: 0.001080 seconds.
  path: Assets/NatSuite/Examples
  artifactKey: Guid(ff2ff156ec4f145f5b170044bf3757e6) Importer(815301076,1909f56bfc062723c751e8b465ee728b)
Start importing Assets/NatSuite/Examples using Guid(ff2ff156ec4f145f5b170044bf3757e6) Importer(815301076,1909f56bfc062723c751e8b465ee728b)  -> (artifact id: 'b59ac9ec57bc4ded9e4dd96d1c1c0ff3') in 0.001199 seconds
  Import took 0.005738 seconds .

========================================================================
Received Import Request.
  Time since last request: 1.663550 seconds.
  path: Assets/NatSuite/Examples/WebCam
  artifactKey: Guid(8298d15689a71432ab98a7dfc420763a) Importer(815301076,1909f56bfc062723c751e8b465ee728b)
Start importing Assets/NatSuite/Examples/WebCam using Guid(8298d15689a71432ab98a7dfc420763a) Importer(815301076,1909f56bfc062723c751e8b465ee728b)  -> (artifact id: '8df2000c75da0106f26a533af644c880') in 0.006827 seconds
  Import took 0.010934 seconds .

========================================================================
Received Import Request.
  Time since last request: 20.912755 seconds.
  path: Assets/NatSuite/Examples/WebCam/WebCam.cs
  artifactKey: Guid(f28399e3bf7444860908fd798a2ed0ee) Importer(815301076,1909f56bfc062723c751e8b465ee728b)
Start importing Assets/NatSuite/Examples/WebCam/WebCam.cs using Guid(f28399e3bf7444860908fd798a2ed0ee) Importer(815301076,1909f56bfc062723c751e8b465ee728b)  -> (artifact id: 'e8383bbe7f9364e27e2039ac2834e747') in 0.011752 seconds
  Import took 0.016348 seconds .

========================================================================
Received Prepare
Refreshing native plugins compatible for Editor in 31.73 ms, found 4 plugins.
Preloading 0 native plugins for Editor in 0.00 ms.
Unloading 63 Unused Serialized files (Serialized files now loaded: 0)
System memory in use before: 147.8 MB.
System memory in use after: 147.9 MB.

Unloading 63 unused Assets to reduce memory usage. Loaded Objects now: 2235.
Total: 3.640784 ms (FindLiveObjects: 0.239696 ms CreateObjectMapping: 0.060419 ms MarkObjects: 3.283893 ms  DeleteObjects: 0.056124 ms)

========================================================================
Received Import Request.
  Time since last request: 439.577531 seconds.
  path: Assets/Scenes/1_AR.unity
  artifactKey: Guid(8252358a1e2ba7549a94df43aacec984) Importer(815301076,1909f56bfc062723c751e8b465ee728b)
Start importing Assets/Scenes/1_AR.unity using Guid(8252358a1e2ba7549a94df43aacec984) Importer(815301076,1909f56bfc062723c751e8b465ee728b)  -> (artifact id: '9d0c150c96102b3599da17284cf8b97e') in 0.002427 seconds
  Import took 0.006718 seconds .

========================================================================
Received Import Request.
  Time since last request: 1.722135 seconds.
  path: Assets/Scenes/2_SendingScene.unity
  artifactKey: Guid(bd416ae0a78171a47aeb7b4d7a7e1c25) Importer(815301076,1909f56bfc062723c751e8b465ee728b)
Start importing Assets/Scenes/2_SendingScene.unity using Guid(bd416ae0a78171a47aeb7b4d7a7e1c25) Importer(815301076,1909f56bfc062723c751e8b465ee728b)  -> (artifact id: '849e760f2ec704add2d7a895fe8f18b2') in 0.006953 seconds
  Import took 0.011659 seconds .

========================================================================
Received Prepare
Registering precompiled user dll's ...
Registered in 0.005883 seconds.
Begin MonoManager ReloadAssembly
Native extension for OSXStandalone target not found
Refreshing native plugins compatible for Editor in 0.83 ms, found 4 plugins.
Preloading 0 native plugins for Editor in 0.00 ms.
Mono: successfully reloaded assembly
- Completed reload, in  1.246 seconds
Platform modules already initialized, skipping
Switching build target platform(2) subTarget(0) extendedPlatform(0) -> platform(13) subTarget(589824) extendedPlatform(0)
Refreshing native plugins compatible for Editor in 1.63 ms, found 4 plugins.
Preloading 0 native plugins for Editor in 0.00 ms.
Unloading 1745 Unused Serialized files (Serialized files now loaded: 0)
System memory in use before: 178.7 MB.
System memory in use after: 178.8 MB.

Unloading 65 unused Assets to reduce memory usage. Loaded Objects now: 2237.
Total: 2.231537 ms (FindLiveObjects: 0.216035 ms CreateObjectMapping: 0.085557 ms MarkObjects: 1.900717 ms  DeleteObjects: 0.028041 ms)

AssetImportParameters requested are different than current active one (requested -> active):
  custom:graphics/normal-map-encoding: 01000000000000000000000000000000 -> 02000000000000000000000000000000
========================================================================
Received Import Request.
  Time since last request: 361.049017 seconds.
  path: Assets/NatSuite/Plugins
  artifactKey: Guid(b81fa991dfac4454a9b0f61aae92f1da) Importer(815301076,1909f56bfc062723c751e8b465ee728b)
Start importing Assets/NatSuite/Plugins using Guid(b81fa991dfac4454a9b0f61aae92f1da) Importer(815301076,1909f56bfc062723c751e8b465ee728b)  -> (artifact id: 'fef77398491aa63adf71f3d1c788cc1e') in 0.004635 seconds
  Import took 0.009124 seconds .

========================================================================
Received Import Request.
  Time since last request: 3.538563 seconds.
  path: Assets/NatSuite/Examples/Giffy
  artifactKey: Guid(cf95c7952d5f8495b9db0bc0fc4201ca) Importer(815301076,1909f56bfc062723c751e8b465ee728b)
Start importing Assets/NatSuite/Examples/Giffy using Guid(cf95c7952d5f8495b9db0bc0fc4201ca) Importer(815301076,1909f56bfc062723c751e8b465ee728b)  -> (artifact id: 'e7cb05919b08d8ba4e52e29b6dde84be') in 0.007183 seconds
  Import took 0.012793 seconds .

========================================================================
Received Prepare
Registering precompiled user dll's ...
Registered in 0.005797 seconds.
Begin MonoManager ReloadAssembly
Native extension for OSXStandalone target not found
Refreshing native plugins compatible for Editor in 1.27 ms, found 4 plugins.
Preloading 0 native plugins for Editor in 0.00 ms.
Mono: successfully reloaded assembly
- Completed reload, in  1.437 seconds
Platform modules already initialized, skipping
Switching build target platform(2) subTarget(0) extendedPlatform(0) -> platform(13) subTarget(589824) extendedPlatform(0)
Refreshing native plugins compatible for Editor in 0.79 ms, found 4 plugins.
Preloading 0 native plugins for Editor in 0.00 ms.
Unloading 1745 Unused Serialized files (Serialized files now loaded: 0)
System memory in use before: 179.4 MB.
System memory in use after: 179.5 MB.

Unloading 65 unused Assets to reduce memory usage. Loaded Objects now: 2239.
Total: 3.004718 ms (FindLiveObjects: 0.300384 ms CreateObjectMapping: 0.084944 ms MarkObjects: 2.459189 ms  DeleteObjects: 0.159083 ms)

AssetImportParameters requested are different than current active one (requested -> active):
  custom:graphics/normal-map-encoding: 01000000000000000000000000000000 -> 02000000000000000000000000000000
========================================================================
Received Prepare
Registering precompiled user dll's ...
Registered in 0.008761 seconds.
Begin MonoManager ReloadAssembly
Native extension for OSXStandalone target not found
Refreshing native plugins compatible for Editor in 0.84 ms, found 4 plugins.
Preloading 0 native plugins for Editor in 0.00 ms.
Mono: successfully reloaded assembly
- Completed reload, in  1.262 seconds
Platform modules already initialized, skipping
Switching build target platform(2) subTarget(0) extendedPlatform(0) -> platform(13) subTarget(589824) extendedPlatform(0)
Refreshing native plugins compatible for Editor in 0.77 ms, found 4 plugins.
Preloading 0 native plugins for Editor in 0.00 ms.
Unloading 1745 Unused Serialized files (Serialized files now loaded: 0)
System memory in use before: 179.5 MB.
System memory in use after: 179.6 MB.

Unloading 65 unused Assets to reduce memory usage. Loaded Objects now: 2241.
Total: 2.079839 ms (FindLiveObjects: 0.296135 ms CreateObjectMapping: 0.067140 ms MarkObjects: 1.666138 ms  DeleteObjects: 0.049625 ms)

AssetImportParameters requested are different than current active one (requested -> active):
  custom:graphics/normal-map-encoding: 01000000000000000000000000000000 -> 02000000000000000000000000000000
========================================================================
Received Prepare
Registering precompiled user dll's ...
Registered in 0.013470 seconds.
Begin MonoManager ReloadAssembly
Native extension for OSXStandalone target not found
Refreshing native plugins compatible for Editor in 1.01 ms, found 4 plugins.
Preloading 0 native plugins for Editor in 0.00 ms.
Mono: successfully reloaded assembly
- Completed reload, in  1.353 seconds
Platform modules already initialized, skipping
Switching build target platform(2) subTarget(0) extendedPlatform(0) -> platform(13) subTarget(589824) extendedPlatform(0)
Refreshing native plugins compatible for Editor in 0.85 ms, found 4 plugins.
Preloading 0 native plugins for Editor in 0.00 ms.
Unloading 1745 Unused Serialized files (Serialized files now loaded: 0)
System memory in use before: 179.7 MB.
System memory in use after: 179.9 MB.

Unloading 65 unused Assets to reduce memory usage. Loaded Objects now: 2243.
Total: 2.272288 ms (FindLiveObjects: 0.218189 ms CreateObjectMapping: 0.071927 ms MarkObjects: 1.953569 ms  DeleteObjects: 0.027594 ms)

AssetImportParameters requested are different than current active one (requested -> active):
  custom:graphics/normal-map-encoding: 01000000000000000000000000000000 -> 02000000000000000000000000000000
========================================================================
Received Prepare
Registering precompiled user dll's ...
Registered in 0.010776 seconds.
Begin MonoManager ReloadAssembly
Native extension for OSXStandalone target not found
Refreshing native plugins compatible for Editor in 1.82 ms, found 4 plugins.
Preloading 0 native plugins for Editor in 0.00 ms.
Mono: successfully reloaded assembly
- Completed reload, in  1.717 seconds
Platform modules already initialized, skipping
Switching build target platform(2) subTarget(0) extendedPlatform(0) -> platform(13) subTarget(589824) extendedPlatform(0)
Refreshing native plugins compatible for Editor in 0.80 ms, found 4 plugins.
Preloading 0 native plugins for Editor in 0.00 ms.
Unloading 1745 Unused Serialized files (Serialized files now loaded: 0)
System memory in use before: 179.9 MB.
System memory in use after: 180.0 MB.

Unloading 65 unused Assets to reduce memory usage. Loaded Objects now: 2245.
Total: 1.941849 ms (FindLiveObjects: 0.205974 ms CreateObjectMapping: 0.064999 ms MarkObjects: 1.647801 ms  DeleteObjects: 0.022370 ms)

AssetImportParameters requested are different than current active one (requested -> active):
  custom:graphics/normal-map-encoding: 01000000000000000000000000000000 -> 02000000000000000000000000000000
========================================================================
Received Prepare
Refreshing native plugins compatible for Editor in 30.75 ms, found 4 plugins.
Preloading 0 native plugins for Editor in 0.00 ms.
Unloading 63 Unused Serialized files (Serialized files now loaded: 0)
System memory in use before: 149.3 MB.
System memory in use after: 149.4 MB.

Unloading 63 unused Assets to reduce memory usage. Loaded Objects now: 2245.
Total: 2.054086 ms (FindLiveObjects: 0.211076 ms CreateObjectMapping: 0.067690 ms MarkObjects: 1.745076 ms  DeleteObjects: 0.029649 ms)

========================================================================
Received Prepare
Registering precompiled user dll's ...
Registered in 0.003755 seconds.
Begin MonoManager ReloadAssembly
Native extension for OSXStandalone target not found
Refreshing native plugins compatible for Editor in 1.15 ms, found 4 plugins.
Preloading 0 native plugins for Editor in 0.00 ms.
Mono: successfully reloaded assembly
- Completed reload, in  1.493 seconds
Platform modules already initialized, skipping
Switching build target platform(2) subTarget(0) extendedPlatform(0) -> platform(13) subTarget(589824) extendedPlatform(0)
Refreshing native plugins compatible for Editor in 0.79 ms, found 4 plugins.
Preloading 0 native plugins for Editor in 0.00 ms.
Unloading 1745 Unused Serialized files (Serialized files now loaded: 0)
System memory in use before: 180.4 MB.
System memory in use after: 180.5 MB.

Unloading 65 unused Assets to reduce memory usage. Loaded Objects now: 2247.
Total: 1.873902 ms (FindLiveObjects: 0.188627 ms CreateObjectMapping: 0.057616 ms MarkObjects: 1.595027 ms  DeleteObjects: 0.031521 ms)

AssetImportParameters requested are different than current active one (requested -> active):
  custom:graphics/normal-map-encoding: 01000000000000000000000000000000 -> 02000000000000000000000000000000
========================================================================
Received Prepare
Refreshing native plugins compatible for Editor in 31.36 ms, found 4 plugins.
Preloading 0 native plugins for Editor in 0.00 ms.
Unloading 63 Unused Serialized files (Serialized files now loaded: 0)
System memory in use before: 149.8 MB.
System memory in use after: 149.9 MB.

Unloading 63 unused Assets to reduce memory usage. Loaded Objects now: 2247.
Total: 2.296211 ms (FindLiveObjects: 0.201144 ms CreateObjectMapping: 0.059592 ms MarkObjects: 2.000112 ms  DeleteObjects: 0.034532 ms)

========================================================================
Received Import Request.
  Time since last request: 2166.479503 seconds.
  path: Assets/Scenes/1_AR.unity
  artifactKey: Guid(8252358a1e2ba7549a94df43aacec984) Importer(815301076,1909f56bfc062723c751e8b465ee728b)
Start importing Assets/Scenes/1_AR.unity using Guid(8252358a1e2ba7549a94df43aacec984) Importer(815301076,1909f56bfc062723c751e8b465ee728b)  -> (artifact id: '6330ab5ca4a522bc928a0721f7e80ad9') in 0.092079 seconds
  Import took 0.205113 seconds .

AssetImportWorkerClient::OnTransportError - code=2 error=End of file
